overboard
overlard
vertebra
lovelier
rhabdome
holdover
lovebird
absolver
revolted
acrodont
creodont
overboot
overbear
devotion
embraced
odometer
redolent
overbold
embracer
escargot
absolved
leeboard
velveted
levanted
levanter
cervelat
elevated
cardoon
bracket
dovecot
drabbet
velured
overbet
czardom
rhabdom
unloved
drabber
overbed
overfar
overbid
removed
motived
aborted
tremolo
feedlot
remover
smolder
groover
moldier
arboret
crabbed
motlier
crabber
lowbred
evolved
grabbed
caravel
bracted
revolve
evolver
fevered
absolve
grabber
carbide
devoice
overbig
freedom
cabezon
acerber
guarder
credent
boredom
bracero
revoice
overdog
acrider
resolve
overred
emotive
abrader
arbored
grander
boarder
devotee
moderne
devolve
dogface
beloved
embrace
redroot
eidolon
emotion
cargoed
brevete
decagon
embargo
leeward
cerebra
guardee
cestode
godlier
brooder
grandee
oversee
culvert
beveler
velated
sleeved
levered
centred
chevret
sleever
leveret
svelter
abortee
elected
reelect
theolog
decurve
crevice
leveled
goldeye
leveler
berseem
dogbane
elevate
celeste
leeched
molder
carder
cardon
gloved
braced
glover
graced
bracer
covert
obvert
revved
racket
advert
divert
revert
tavert
tabard
modest
carpet
modern
arbute
rabbet
grovet
grivet
herbar
barbet
verdet
verted
ardent
carrom
modica
albert
labret
olivet
carnet
drapet
ovated
trocar
emceed
stoved
carlot
random
stover
carrot
cardio
abated
tabret
oldest
barret
barnet
omelet
golder
racked
wolved
bovver
wolver
clover
tombac
mobbed
tendon
terbia
arched
adverb
plover
unlove
craver
carver
barker
durbar
devout
dotcom
louver
revoke
verbid
evoker
mobber
modulo
reverb
solved
godown
folder
colder
untold
carper
carbon
braver
delver
dobber
toffee
tombed
rewove
refold
exedra
meowed
molded
airted
crazed
backed
teredo
sacred
nacred
solver
polder
holder
graver
bolder
oncome
warder
credit
corder
cordon
cabrio
cardan
barber
balder
badder
baryon
drover
driver
drawer
louder
remove
remold
reward
record
vender
volant
volost
melder
milder
motive
mouton
molted
fender
glozed
curbed
brazed
feezed
albedo
arguer
rebred
tracer
groove
oliver
pardon
harder
carter
carton
carron
cardie
briard
border
birder
bander
devote
diglot
draper
lodger
tolled
trover
reeved
replot
redout
voider
demode
overed
overdo
overgo
evader
merlot
mender
melton
molter
molten
croton
feeder
abduce
grazed
craked
curber
calved
cabbed
carked
brazer
bached
abider
radome
solder
nodder
larder
lardon
career
barter
barton
bardie
soever
dalton
toller
retold
resold
redeem
regard
emoted
racker
grazer
cervid
carved
cruder
calver
cabled
camber
farced
braked
barked
redbug
varved
extold
evoked
argent
randon
loader
retard
reboot
emoter
motion
glowed
jargon
craped
cabler
carped
farcer
behold
become
bedlam
bardic
barfed
lobbed
evolve
verbal
member
raider
nodose
redone
archer
grovel
groved
glower
globed
gravel
graved
carded
barbed
belove
brayed
brawer
duolog
drivel
lobber
weever
peeved
evolue
meeker
lavolt
lewder
argued
ranced
raceme
grocer
grayed
graped
garbed
cresol
craned
caribe
brayer
bandog
barged
barded
loaved
reecho
peever
oeuvre
mongol
leaved
felloe
arcade
glider
grieve
grayer
graded
crater
caried
barred
barned
decree
drawee
reveal
veered
vendee
eyebar
merlon
leaver
lepton
abrade
racier
girder
grader
grated
grande
bargee
dottel
dragon
togger
revere
veneer
voidee
lender
cooeed
grater
dogear
leader
backet
verven
chevet
vervel
craved
vervet
truced
clever
abvolt
cablet
bruted
braved
decarb
vented
velure
nerved
acetyl
cleome
cabrit
welted
venter
ventre
vertue
kelter
felted
terbic
curvet
traced
crated
carted
cabrie
devest
livedo
welter
vetted
vested
pelted
melted
felter
belted
travel
triced
velvet
eluted
derive
releve
rented
ranted
remelt
revest
vetter
pelter
melter
belter
treble
feeler
girted
cerule
corvet
brevet
levant
celled
trogon
trigon
revolt
gobbet
cretin
branle
vellet
invert
colted
curved
acetin
acetal
berthe
leveed
steeve
velate
tercel
evited
lefter
levied
linted
colter
valved
exceed
mycele
creole
revile
sleeve
streel
levier
linter
center
centre
twelve
carvel
crewel
breeze
varvel
helved
golfed
device
delved
beetle
elated
letted
svelte
fleece
golfer
revive
crenel
bedral
entree
elater
letter
bethel
elevon
eleven
gilder
gelder
beseem
dogger
logger
togged
evened
goober
creese
enerve
evener
culver
levite
logier
togaed
leered
retree
chevre
beclog
leched
veloce
lecher
vestee
corvee
feeble
logged
moved
mover
dover
moder
bardo
fever
acred
raced
ardeb
racer
molto
barde
older
argon
argot
duvet
covet
vodka
tubar
mudra
credo
volet
acerb
caber
cabre
glove
brace
grace
cargo
rivet
uredo
morra
argol
coved
dozer
mould
moira
armet
rabat
trend
motet
cover
domic
hoved
vower
mowed
notum
carbo
bravo
hover
donko
doved
toked
venom
vomer
mower
moped
mount
ariot
treed
tread
abbot
gavot
coder
codon
broom
diver
dower
divot
towed
toker
volar
smolt
model
moper
movie
modal
emcee
cymol
aldol
rover
river
raver
rabid
sodom
groom
conto
stove
doper
drome
dobra
depot
toyed
tower
toped
verra
gemot
motel
moted
mosed
mondo
monde
molar
arret
terra
tetra
alder
adder
armer
odder
barro
dotal
toyer
totem
toper
toled
toged
todde
repot
mooed
moner
moron
motto
moten
razed
faced
wolve
volve
gonzo
clove
codec
chard
vowed
chemo
femme
order
ardor
tardo
doter
doser
doner
toted
toned
tolar
resod
ached
razer
paced
maced
facer
carve
celom
crura
hovel
douce
doven
lubra
scrab
redub
recur
evoke
vicar
mewed
fiver
faver
femal
fewer
aider
arson
roton
toter
toner
redia
abbed
raked
rabic
rache
pacer
macer
laced
galvo
guard
cobra
carob
barca
bedim
dolce
dowel
drake
lowed
revue
rejon
viold
voice
voled
exode
above
abled
amber
acted
acned
acrid
ruder
riced
raker
lacer
slove
solve
grove
giver
gloom
grave
omber
nuder
ceder
cider
cared
crool
caird
carol
carle
barbe
brome
besom
barye
dewar
decor
drove
dicer
dogma
dryer
drive
colon
lower
loped
lomed
lobed
towel
tugra
rehem
embar
cameo
feted
abler
abord
armed
argue
sabed
ricer
robed
rawer
raped
nacre
gnome
goura
grand
olive
croon
crier
carer
carse
ovolo
biome
bider
begot
beard
breid
bread
borde
board
bared
brool
barge
holon
dovie
derma
doura
drape
loave
loper
lodge
lobar
libra
labra
rewon
recon
redye
rebid
recta
escar
volae
sever
eaved
evade
metol
meted
mered
mened
melon
morel
mongo
ferer
anglo
adred
abode
abide
arbor
argil
argal
taber
saber
sabre
raper
raged
solde
soldo
godso
stoln
nodal
breer
besot
briar
biont
brier
barer
barre
dolor
lader
losed
logon
loden
tilde
retem
revie
olden
epode
meter
merer
mesto
mento
ergon
ergot
arsed
argan
rider
rared
radon
rager
geode
oldie
notal
solon
denar
drier
loser
loner
lotto
lento
talon
topee
tolan
redan
regar
erbia
orlon
ender
emote
aired
rater
rarer
noser
donee
anode
realo
erode
eider
zebra
facet
kebar
cruet
dwelt
debut
tubed
moult
acute
preve
breve
theca
exert
lured
veldt
luted
arced
abrin
roved
rived
raved
lacet
coted
cited
cried
creed
cadet
lovat
velar
vired
verst
trued
kevel
brunt
luter
ablet
tacet
debar
breed
bidet
beted
bated
debit
tweet
trove
tecta
trave
trefa
triac
cleve
apert
abort
reeve
ramet
odeon
rebar
areca
doilt
ovate
trema
verve
civet
crave
crept
curet
chert
bevel
butle
beryl
devon
truce
alert
abear
abate
redon
rated
greet
doest
deter
derat
trode
roted
tired
tared
teend
terga
tried
tride
trade
never
perve
nerve
level
devel
devot
bever
brute
brent
brant
brave
buret
delve
devil
lived
laved
loved
event
voted
fleet
cubed
craze
vexed
gyved
gloze
nonet
cyber
cuber
caked
braze
vexer
vulgo
vocab
tenon
feeze
avert
rivel
revel
revet
ravel
elver
overt
peeve
creel
crest
evert
bleed
lover
liver
lever
laver
livre
tweel
tweed
taver
voter
trugo
fleer
ebbet
naeve
glume
graze
caved
crude
cured
crake
cawed
calve
baked
debug
lubed
vowel
viced
favel
glued
crewe
caver
caped
cable
cabal
farce
brake
baker
dweeb
viver
varve
ovule
extol
cholo
fence
trace
gleed
noted
serve
levee
crate
carte
caret
deave
tweer
theed
veale
terce
terfe
trice
anted
lited
lated
freet
elute
rebec
razee
gived
gavel
gluer
gluon
gyred
glace
grued
cello
crepe
creme
crape
crame
corbe
caper
caged
begem
bayed
colog
embed
ebbed
ceded
crome
glime
globe
gloam
gleba
golem
gofer
gibed
ceiba
cered
cedar
cored
cogon
cagot
cased
caned
cager
cadre
breem
bedel
breme
brame
baled
debel
debag
refel
rehab
verge
ember
ceorl
freed
elder
noter
beret
dealt
rente
reive
reave
three
treen
tribe
inter
enter
alter
antre
niter
nitre
liter
later
novel
nevel
navel
levin
scree
rance
rakee
glide
glede
glade
glint
glent
glost
giber
gerbe
garbe
grebe
grape
grame
ogive
ogled
pargo
crena
cadee
crore
crane
cater
caner
belon
belar
begar
brede
borgo
bigot
bored
brood
bride
based
baned
baler
doggo
liber
repel
rebel
voile
verse
mesel
merel
leave
leper
cento
freer
abele
albee
rigol
gloat
gored
gonad
gride
greed
grade
ogler
largo
ceria
baser
baaed
derig
drool
losel
lorel
reggo
melee
erica
edger
leger
feese
tepee
trigo
sleer
egret
gleet
volte
abore
ramee
goner
grate
sargo
doole
lotte
logia
tigon
erred
cooee
curve
bezel
excel
agree
ragee
deere
toile
togae
reede
eared
leone
cuvee
reest
terse
terne
ester
laree
betel
belle
beton
elect
lefte
raree
ranee
resee
cavel
cruel
valve
fecal
befog
deuce
recce
retie
helve
teene
eater
eched
celeb
steel
sleet
evite
leant
logic
cheer
caeca
glebe
berme
medle
cerne
deice
erugo
merle
belee
elite
elate
besee
boree
dogie
logie
leese
leare
eerie
lycee
niece
mold
drac
card
move
molt
drab
bard
dove
feod
told
mode
dolt
dome
tome
onto
vert
cert
crab
carb
glom
celt
abet
aced
grab
acer
acre
abed
race
lome
dowf
doff
lode
toff
nolo
node
loto
mown
tree
omov
down
mohr
okra
doun
food
gold
arvo
arco
rivo
doom
tour
vera
vara
mood
morn
foot
curd
vehm
ovum
moze
mozo
teel
leet
room
atom
moon
moan
moor
krab
jolt
burd
bawd
doze
douc
drub
mojo
feud
ordo
doon
doen
toad
torr
wold
fold
frab
clod
cold
cove
budo
baud
wove
doum
dowl
veld
vild
moke
moko
from
ferm
root
riot
orra
odea
yold
plod
hold
grav
clot
bold
oxer
odyl
ward
fard
cord
bald
bura
hove
dowt
dhol
dunt
come
ludo
loud
lown
them
tomb
verd
vend
empt
meld
mild
moll
mofo
camo
fend
acid
aryl
udon
wont
plot
polt
koto
holt
floe
font
code
blot
bolt
odic
yard
pard
mard
hard
caid
scar
brod
boom
bord
bird
band
pome
poem
mome
home
dive
dorm
doll
dorb
doco
dout
dyer
deco
dura
duar
drib
loof
loaf
loun
lour
lyra
tref
toke
town
toko
ecod
viol
vego
vide
vade
void
memo
feed
owed
oval
mend
milt
malt
moue
mope
mobe
mong
fool
fett
fest
fent
abid
ruer
yode
yont
sold
pont
bode
unto
ower
lard
dime
deme
deem
dame
dalt
dope
doob
doab
demo
loom
lord
toll
toun
toco
redd
veto
meed
oped
mool
ment
mead
made
mole
moil
mott
most
mort
coot
froe
feat
riba
rand
idol
tolt
slot
grot
dodo
alod
olid
oyer
omer
odal
nome
sard
nard
boot
bora
broo
brio
some
delo
dole
doge
dool
dost
diol
dint
dant
snod
lido
loid
load
lorn
time
teem
tame
tope
toom
toyo
topo
tong
tomo
toho
repo
rend
eyot
eddo
eyra
emit
moot
meno
meat
mote
mose
more
mono
moit
moat
aril
areg
arid
rego
rode
raid
gora
alto
odor
eard
dato
dote
dose
dore
done
doit
doat
doer
dero
loon
loin
loan
loor
loir
loot
lira
tide
toge
tool
toil
torn
read
edit
aide
arse
arar
roon
roto
otto
oint
oner
into
noir
tote
tose
tone
toro
toon
rear
roar
vext
abut
cred
deft
tuba
rued
wert
levo
bred
duet
debt
vest
orca
pert
erev
delt
teld
veer
kerb
curt
gert
arba
czar
dort
dirt
dart
dent
trod
tend
trad
verb
perv
ceca
cyte
cute
crue
cran
narc
merc
brut
runt
kelt
eruv
echt
vell
vent
vint
vant
vuln
curb
chef
ared
roed
rort
reed
redo
glum
ired
ered
crud
diet
deer
deet
dear
toed
teed
tied
taed
tead
meze
cyme
clef
fume
herb
derv
byte
bute
brin
bren
bran
welt
felt
vein
tube
trug
gyve
grub
cued
burg
duce
keef
mewl
clem
axed
airt
scab
raze
face
glut
warb
crib
char
cafe
marc
bawr
banc
drug
lyme
teer
jeed
tear
vivo
ecco
exed
lewd
crem
fice
five
fave
fell
peba
leve
fret
deev
cart
cent
crit
blet
belt
dell
dern
torc
sted
rule
reft
yelt
pelt
melt
veil
veal
vied
keet
lyre
lure
tule
lyte
lute
cult
aked
abac
acme
ache
rube
pace
mace
kolo
gude
glim
glam
gown
clon
nowl
caba
crog
crag
cang
came
barb
bled
beef
baur
koel
duel
deke
lude
lowt
loft
knot
weem
exon
vibe
jeer
feeb
oven
echo
eked
emic
mice
mell
leud
coom
feme
fame
iced
awed
abye
abbe
rude
rake
lace
dace
babe
give
gave
glid
gled
glad
garb
guar
gout
grue
nude
noul
nowt
marg
darb
cede
coed
cide
cade
carr
bend
berg
brad
brrr
brog
brig
brag
bang
deva
dure
dice
dour
lief
lowe
loco
lout
reke
weed
vela
vega
meme
merl
cool
feal
aver
tace
rove
rive
rave
ront
gelt
over
free
cree
cete
cote
cite
cate
ever
bort
best
bent
brit
brat
deen
dean
twee
tron
rent
rant
etic
weet
vier
vire
vare
need
feet
tyre
tell
tegg
tice
trye
true
trin
nied
lunt
icer
aped
ance
ahed
able
albe
acne
rice
raca
ragg
polo
glit
glen
gilt
gird
gobo
grid
grad
bolo
obol
noll
nout
nogg
darg
cero
brer
bool
bide
bede
bade
bego
bead
dong
dieb
debe
dreg
drag
lime
leme
lame
lope
lobe
loam
lobo
long
thon
reef
weer
vena
vino
peed
heed
feer
once
eyed
ewer
meal
milo
leam
lend
fete
fere
aper
aged
sabe
robe
rape
rang
nabe
good
gent
gade
gant
gool
gnar
geed
gogo
goel
nong
nope
bier
boon
boar
diel
dele
dago
dorr
snog
lade
loge
logo
lost
seem
neem
ebon
edge
peer
meer
deed
smee
eyer
mete
mese
mere
mene
lead
rotl
girt
gart
pree
bree
beer
beet
bete
bear
beat
bite
bate
brie
brae
deil
deal
lied
leed
thee
teme
trog
rein
reen
rean
telt
meet
tepa
trig
nare
volt
jeel
cell
ergo
ager
ride
rede
rade
rood
rage
agon
sloe
solo
goon
goer
gear
goat
goor
oboe
onst
nide
noil
nott
dere
dene
dino
dire
dare
door
snot
lose
lone
lino
lion
leno
enol
seed
eger
rore
rare
rase
idee
aloe
olio
ogee
nose
none
seer
eide
rale
gree
tret
reel
dree
cube
lore
lier
leer
laer
role
rile
real
rest
exec
erst
teal
tela
lire
lare
colt
neve
nave
keel
bell
even
left
cake
fuel
aret
rate
gowl
gowd
oleo
flog
clog
cive
cave
cure
cher
bake
lube
tore
rote
rite
rete
ecce
vice
vive
tier
tire
tare
tete
tene
trie
alec
weel
feel
ceil
ovel
evet
bein
been
bean
avel
love
live
lave
lint
lent
lant
vele
evil
vole
vile
vale
vote
vite
flee
lept
glue
glob
glib
blog
cepe
cape
bice
byre
eche
leke
gyre
gild
geld
cage
bema
baye
loll
leaf
lehr
nole
peel
heel
blee
tern
elan
akee
gibe
ghee
slog
cere
core
cire
care
case
cane
biog
bale
pele
hele
eric
awee
gied
goal
goad
gole
ogle
bere
bene
beta
bore
bare
base
bane
eyre
leal
glee
note
evoe
lote
tole
tele
eave
ethe
eten
tile
tale
teen
ante
nite
nete
lest
lite
late
gore
gere
gare
gone
ogre
riel
sele
epee
orle
leir
lear
agee
erne
seel
tael
slee
else
leat
luce
alee
eale
lice
cole
noel
lean
mod
dom
mot
tom
ard
fem
mol
car
old
lod
dol
bra
bar
evo
ted
nod
don
moe
emo
ode
doe
tec
cab
bac
ret
bet
vum
ace
god
dog
dzo
gon
got
tog
nog
off
mud
jot
tum
vim
mut
urd
gov
cod
yom
pom
mom
hom
div
vid
cel
udo
yod
wot
pod
hod
fra
bod
own
oud
sov
dim
dam
duo
orf
mid
mad
fro
tee
add
rho
pot
hot
dod
odd
our
avo
som
rom
nom
tam
oof
oaf
mat
log
ord
and
rod
sod
oom
aid
ado
tot
sot
doo
roo
reo
oon
oot
ora
era
oor
oar
noo
zed
cwm
cut
myc
cum
fum
jab
zol
guv
cud
vug
kef
urb
ked
jet
but
run
tub
nur
vac
ruc
kab
jol
cur
bud
dub
lym
lum
eff
wab
rub
pac
mac
fab
jar
cha
bur
dug
lud
wem
moc
mic
cam
wed
lev
ket
fed
dev
lur
abb
rug
rud
lac
kon
gur
col
oxo
owl
cid
cad
joe
doc
dun
exo
vig
veg
vag
mem
hem
def
ohm
elf
mho
alb
sac
roc
lab
gab
dab
won
pol
fon
con
owt
oft
oke
war
far
cor
bid
bad
brr
dye
due
dob
dib
lam
two
mel
tef
ref
nef
gem
olm
erf
elm
mil
mal
orc
arc
rev
cot
wet
var
ped
med
fer
fet
cit
cat
bed
rut
ewt
eft
vor
toc
tic
luv
sab
rob
rib
rya
oca
nab
yon
mon
hon
gid
gad
eld
bon
out
opt
owe
yar
par
mar
caa
bro
bor
woe
foe
del
dal
dig
deg
dag
lid
lad
tho
eco
via
rem
coo
fie
fae
obe
erg
rig
reg
rag
rid
rad
oba
aba
sol
gor
gar
oho
obo
oye
ope
nid
boo
bio
boa
baa
hoe
dor
din
den
dan
eme
end
mae
moo
orb
arb
tab
rye
rue
ged
bot
yet
ure
per
pet
pre
met
led
her
het
bit
bat
tye
the
rin
ren
ran
nor
keb
ute
ide
ego
son
non
goo
gio
geo
goe
goa
oil
sar
die
dae
loo
cub
air
ria
ion
ono
oat
ose
one
too
tao
red
tod
get
dot
ned
sed
lar
dit
lor
tid
tad
zel
nut
zee
web
pec
tun
vin
van
gub
jog
bug
vav
rot
gul
ort
tet
tar
ser
set
cue
cob
che
art
lug
rit
rat
est
err
tor
vol
vet
jee
lav
tav
vat
nye
axe
gun
gut
wog
fog
cog
cig
cag
bye
tyg
tug
ebb
are
ake
roe
ree
gue
gob
gib
ore
mog
hog
bog
ire
ere
ear
bel
bal
big
beg
bag
toe
lob
lib
tie
tae
eke
eat
rec
nil
deb
sec
lye
lin
ule
ice
awe
gel
gal
lig
leg
lag
ewe
egg
aye
aue
ape
gin
git
gen
gan
gat
sog
neg
nag
tig
teg
tag
sel
eye
eng
ave
reb
ton
not
lot
elt
alt
ant
nit
net
nat
wee
vee
neb
let
fee
cee
eve
voe
lit
lat
til
tel
tin
ten
tan
ell
ern
vie
vae
age
ago
gie
gae
ane
ene
eta
eon
pee
nee
mee
bee
een
ean
nie
nae
ate
ale
gee
ole
lee
dee
lie
eel
see
mo
om
od
do
to
ef
ab
ba
em
ed
lo
no
te
go
za
zo
ja
jo
um
mm
hm
ka
ko
fa
wo
of
if
ya
pa
ma
ha
yo
po
ho
bo
am
la
id
da
ad
ur
ut
ta
na
so
ea
aa
oo
io
un
ug
or
er
ar
ob
ag
st
we
fe
on
in
en
an
ye
pe
me
he
be
el
al
it
et
at
de
re
ne
oe
ee
ae